Build started 4/22/2015 4:12:49 PM.
     1>Project "c:\Users\Remus\documents\visual studio 2013\Projects\Cyk algorithm\Cyk algorithm\Cyk algorithm.vcxproj" on node 2 (Rebuild target(s)).
     1>ClCompile:
         C:\Program Files (x86)\Microsoft Visual Studio 12.0\VC\bin\CL.exe /c /ZI /nologo /W3 /WX- /sdl /Od /Oy- /D WIN32 /D _DEBUG /D _CONSOLE /D _LIB /D _UNICODE /D UNICODE /Gm /EHsc /RTC1 /MDd /GS /fp:precise /Zc:wchar_t /Zc:forScope /Yc"stdafx.h" /Fp"Debug\Cyk algorithm.pch" /Fo"Debug\\" /Fd"Debug\vc120.pdb" /Gd /TP /analyze- /errorReport:prompt stdafx.cpp
         stdafx.cpp
         C:\Program Files (x86)\Microsoft Visual Studio 12.0\VC\bin\CL.exe /c /ZI /nologo /W3 /WX- /sdl /Od /Oy- /D WIN32 /D _DEBUG /D _CONSOLE /D _LIB /D _UNICODE /D UNICODE /Gm /EHsc /RTC1 /MDd /GS /fp:precise /Zc:wchar_t /Zc:forScope /Yu"stdafx.h" /Fp"Debug\Cyk algorithm.pch" /Fo"Debug\\" /Fd"Debug\vc120.pdb" /Gd /TP /analyze- /errorReport:prompt "Cyk algorithm.cpp"
         Cyk algorithm.cpp
     1>c:\users\remus\documents\visual studio 2013\projects\cyk algorithm\cyk algorithm\cyk algorithm.cpp(67): warning C4018: '<' : signed/unsigned mismatch
     1>c:\users\remus\documents\visual studio 2013\projects\cyk algorithm\cyk algorithm\cyk algorithm.cpp(80): warning C4018: '<' : signed/unsigned mismatch
     1>c:\users\remus\documents\visual studio 2013\projects\cyk algorithm\cyk algorithm\cyk algorithm.cpp(83): warning C4018: '<' : signed/unsigned mismatch
     1>c:\users\remus\documents\visual studio 2013\projects\cyk algorithm\cyk algorithm\cyk algorithm.cpp(91): warning C4018: '<' : signed/unsigned mismatch
     1>c:\users\remus\documents\visual studio 2013\projects\cyk algorithm\cyk algorithm\cyk algorithm.cpp(103): warning C4018: '<' : signed/unsigned mismatch
     1>c:\users\remus\documents\visual studio 2013\projects\cyk algorithm\cyk algorithm\cyk algorithm.cpp(135): warning C4018: '<' : signed/unsigned mismatch
       Link:
         C:\Program Files (x86)\Microsoft Visual Studio 12.0\VC\bin\link.exe /ERRORREPORT:PROMPT /OUT:"c:\users\remus\documents\visual studio 2013\Projects\Cyk algorithm\Debug\Cyk algorithm.exe" /INCREMENTAL /NOLOGO kernel32.lib user32.lib gdi32.lib winspool.lib comdlg32.lib advapi32.lib shell32.lib ole32.lib oleaut32.lib uuid.lib odbc32.lib odbccp32.lib /MANIFEST /MANIFESTUAC:"level='asInvoker' uiAccess='false'" /manifest:embed /DEBUG /PDB:"c:\users\remus\documents\visual studio 2013\Projects\Cyk algorithm\Debug\Cyk algorithm.pdb" /SUBSYSTEM:CONSOLE /TLBID:1 /DYNAMICBASE /NXCOMPAT /IMPLIB:"c:\users\remus\documents\visual studio 2013\Projects\Cyk algorithm\Debug\Cyk algorithm.lib" /MACHINE:X86 "Debug\Cyk algorithm.obj"
         Debug\stdafx.obj
         Cyk algorithm.vcxproj -> c:\users\remus\documents\visual studio 2013\Projects\Cyk algorithm\Debug\Cyk algorithm.exe
     1>Done Building Project "c:\Users\Remus\documents\visual studio 2013\Projects\Cyk algorithm\Cyk algorithm\Cyk algorithm.vcxproj" (Rebuild target(s)).

Build succeeded.

Time Elapsed 00:00:04.09
